2025-10-01 19:14:51,311 | INFO | [31m[1mWARNING: This is a development server. Do not use it in a production deployment. Use a production WSGI server instead.[0m
 * Running on http://127.0.0.1:5000
2025-10-01 19:14:51,311 | INFO | [33mPress CTRL+C to quit[0m
2025-10-01 19:14:51,313 | INFO |  * Restarting with stat
2025-10-01 19:14:51,999 | WARNING |  * Debugger is active!
2025-10-01 19:14:52,007 | INFO |  * Debugger PIN: 134-544-417
2025-10-01 19:26:53,442 | INFO | [31m[1mWARNING: This is a development server. Do not use it in a production deployment. Use a production WSGI server instead.[0m
 * Running on http://127.0.0.1:5000
2025-10-01 19:26:53,443 | INFO | [33mPress CTRL+C to quit[0m
2025-10-01 19:26:53,444 | INFO |  * Restarting with stat
2025-10-01 19:26:54,048 | WARNING |  * Debugger is active!
2025-10-01 19:26:54,055 | INFO |  * Debugger PIN: 134-544-417
2025-10-01 19:28:26,341 | INFO | [31m[1mWARNING: This is a development server. Do not use it in a production deployment. Use a production WSGI server instead.[0m
 * Running on http://127.0.0.1:5000
2025-10-01 19:28:26,342 | INFO | [33mPress CTRL+C to quit[0m
2025-10-01 19:28:26,344 | INFO |  * Restarting with stat
2025-10-01 19:28:27,223 | WARNING |  * Debugger is active!
2025-10-01 19:28:27,232 | INFO |  * Debugger PIN: 134-544-417
2025-10-01 19:34:20,489 | INFO |  * Detected change in 'd:\\Coding\\Python\\27ThAug_Training\\VS_Practice\\SFMS\\app.py', reloading
2025-10-01 19:34:20,869 | INFO |  * Restarting with stat
2025-10-01 19:34:21,703 | WARNING |  * Debugger is active!
2025-10-01 19:34:21,711 | INFO |  * Debugger PIN: 134-544-417
2025-10-01 19:34:27,897 | INFO |  * Detected change in 'd:\\Coding\\Python\\27ThAug_Training\\VS_Practice\\SFMS\\app.py', reloading
2025-10-01 19:34:28,244 | INFO |  * Restarting with stat
2025-10-01 19:34:28,879 | WARNING |  * Debugger is active!
2025-10-01 19:34:28,885 | INFO |  * Debugger PIN: 134-544-417
2025-10-01 19:34:35,099 | INFO |  * Detected change in 'd:\\Coding\\Python\\27ThAug_Training\\VS_Practice\\SFMS\\app.py', reloading
2025-10-01 19:34:35,507 | INFO |  * Restarting with stat
2025-10-01 19:34:36,166 | WARNING |  * Debugger is active!
2025-10-01 19:34:36,173 | INFO |  * Debugger PIN: 134-544-417
2025-10-01 19:34:43,209 | INFO | [31m[1mWARNING: This is a development server. Do not use it in a production deployment. Use a production WSGI server instead.[0m
 * Running on http://127.0.0.1:5000
2025-10-01 19:34:43,209 | INFO | [33mPress CTRL+C to quit[0m
2025-10-01 19:34:43,211 | INFO |  * Restarting with stat
2025-10-01 19:34:43,802 | WARNING |  * Debugger is active!
2025-10-01 19:34:43,809 | INFO |  * Debugger PIN: 134-544-417
2025-10-01 19:37:04,439 | INFO | [31m[1mWARNING: This is a development server. Do not use it in a production deployment. Use a production WSGI server instead.[0m
 * Running on http://127.0.0.1:5000
2025-10-01 19:37:04,439 | INFO | [33mPress CTRL+C to quit[0m
2025-10-01 19:37:04,441 | INFO |  * Restarting with stat
2025-10-01 19:37:05,105 | WARNING |  * Debugger is active!
2025-10-01 19:37:05,112 | INFO |  * Debugger PIN: 134-544-417
2025-10-01 19:37:12,797 | INFO | 127.0.0.1 - - [01/Oct/2025 19:37:12] "GET / HTTP/1.1" 200 -
2025-10-01 19:37:22,239 | INFO | 127.0.0.1 - - [01/Oct/2025 19:37:22] "[33mGET /Register HTTP/1.1[0m" 404 -
2025-10-01 19:37:33,855 | INFO | 127.0.0.1 - - [01/Oct/2025 19:37:33] "GET /register HTTP/1.1" 200 -
2025-10-01 19:38:01,422 | INFO | 127.0.0.1 - - [01/Oct/2025 19:38:01] "[35m[1mPOST /register HTTP/1.1[0m" 500 -
2025-10-01 19:38:01,613 | INFO | 127.0.0.1 - - [01/Oct/2025 19:38:01] "GET /register?__debugger__=yes&cmd=resource&f=style.css HTTP/1.1" 200 -
2025-10-01 19:38:01,619 | INFO | 127.0.0.1 - - [01/Oct/2025 19:38:01] "GET /register?__debugger__=yes&cmd=resource&f=debugger.js HTTP/1.1" 200 -
2025-10-01 19:38:01,670 | INFO | 127.0.0.1 - - [01/Oct/2025 19:38:01] "GET /register?__debugger__=yes&cmd=resource&f=console.png&s=3hcyMg0R19CQE2DMUYCu HTTP/1.1" 200 -
2025-10-01 19:38:01,680 | INFO | 127.0.0.1 - - [01/Oct/2025 19:38:01] "GET /register?__debugger__=yes&cmd=resource&f=console.png HTTP/1.1" 200 -
2025-10-01 19:38:48,759 | INFO |  * Detected change in 'd:\\Coding\\Python\\27ThAug_Training\\VS_Practice\\SFMS\\student.py', reloading
2025-10-01 19:38:49,156 | INFO |  * Restarting with stat
2025-10-01 19:38:49,914 | WARNING |  * Debugger is active!
2025-10-01 19:38:49,924 | INFO |  * Debugger PIN: 134-544-417
2025-10-01 19:38:54,093 | INFO |  * Detected change in 'd:\\Coding\\Python\\27ThAug_Training\\VS_Practice\\SFMS\\student.py', reloading
2025-10-01 19:38:54,462 | INFO |  * Restarting with stat
2025-10-01 19:38:55,066 | WARNING |  * Debugger is active!
2025-10-01 19:38:55,073 | INFO |  * Debugger PIN: 134-544-417
2025-10-01 19:38:58,176 | INFO |  * Detected change in 'd:\\Coding\\Python\\27ThAug_Training\\VS_Practice\\SFMS\\student.py', reloading
2025-10-01 19:38:58,837 | INFO |  * Restarting with stat
2025-10-01 19:38:59,765 | WARNING |  * Debugger is active!
2025-10-01 19:38:59,778 | INFO |  * Debugger PIN: 134-544-417
2025-10-01 19:39:00,855 | INFO |  * Detected change in 'd:\\Coding\\Python\\27ThAug_Training\\VS_Practice\\SFMS\\student.py', reloading
2025-10-01 19:39:01,433 | INFO |  * Restarting with stat
2025-10-01 19:39:02,345 | WARNING |  * Debugger is active!
2025-10-01 19:39:02,352 | INFO |  * Debugger PIN: 134-544-417
2025-10-01 19:39:03,422 | INFO |  * Detected change in 'd:\\Coding\\Python\\27ThAug_Training\\VS_Practice\\SFMS\\student.py', reloading
2025-10-01 19:39:03,921 | INFO |  * Restarting with stat
2025-10-01 19:39:04,703 | WARNING |  * Debugger is active!
2025-10-01 19:39:04,716 | INFO |  * Debugger PIN: 134-544-417
2025-10-01 19:39:19,121 | INFO |  * Detected change in 'd:\\Coding\\Python\\27ThAug_Training\\VS_Practice\\SFMS\\student.py', reloading
2025-10-01 19:39:19,501 | INFO |  * Restarting with stat
2025-10-01 19:39:20,196 | WARNING |  * Debugger is active!
2025-10-01 19:39:20,203 | INFO |  * Debugger PIN: 134-544-417
2025-10-01 19:39:28,462 | INFO |  * Detected change in 'd:\\Coding\\Python\\27ThAug_Training\\VS_Practice\\SFMS\\feedback.py', reloading
2025-10-01 19:39:28,842 | INFO |  * Restarting with stat
2025-10-01 19:39:29,536 | WARNING |  * Debugger is active!
2025-10-01 19:39:29,546 | INFO |  * Debugger PIN: 134-544-417
2025-10-01 19:39:30,629 | INFO |  * Detected change in 'd:\\Coding\\Python\\27ThAug_Training\\VS_Practice\\SFMS\\feedback.py', reloading
2025-10-01 19:39:30,988 | INFO |  * Restarting with stat
2025-10-01 19:39:31,661 | WARNING |  * Debugger is active!
2025-10-01 19:39:31,676 | INFO |  * Debugger PIN: 134-544-417
2025-10-01 19:39:39,978 | INFO |  * Detected change in 'd:\\Coding\\Python\\27ThAug_Training\\VS_Practice\\SFMS\\feedback.py', reloading
2025-10-01 19:39:40,345 | INFO |  * Restarting with stat
2025-10-01 19:39:40,970 | WARNING |  * Debugger is active!
2025-10-01 19:39:40,977 | INFO |  * Debugger PIN: 134-544-417
2025-10-01 19:39:54,338 | INFO |  * Detected change in 'd:\\Coding\\Python\\27ThAug_Training\\VS_Practice\\SFMS\\feedback.py', reloading
2025-10-01 19:39:54,743 | INFO |  * Restarting with stat
2025-10-01 19:39:55,410 | WARNING |  * Debugger is active!
2025-10-01 19:39:55,421 | INFO |  * Debugger PIN: 134-544-417
2025-10-01 19:39:56,488 | INFO |  * Detected change in 'd:\\Coding\\Python\\27ThAug_Training\\VS_Practice\\SFMS\\feedback.py', reloading
2025-10-01 19:39:56,894 | INFO |  * Restarting with stat
2025-10-01 19:39:57,701 | WARNING |  * Debugger is active!
2025-10-01 19:39:57,709 | INFO |  * Debugger PIN: 134-544-417
2025-10-01 19:39:59,800 | INFO |  * Detected change in 'd:\\Coding\\Python\\27ThAug_Training\\VS_Practice\\SFMS\\feedback.py', reloading
2025-10-01 19:40:00,305 | INFO |  * Restarting with stat
2025-10-01 19:40:01,078 | WARNING |  * Debugger is active!
2025-10-01 19:40:01,088 | INFO |  * Debugger PIN: 134-544-417
2025-10-01 19:40:04,199 | INFO |  * Detected change in 'd:\\Coding\\Python\\27ThAug_Training\\VS_Practice\\SFMS\\feedback.py', reloading
2025-10-01 19:40:04,616 | INFO |  * Restarting with stat
2025-10-01 19:40:05,271 | WARNING |  * Debugger is active!
2025-10-01 19:40:05,280 | INFO |  * Debugger PIN: 134-544-417
2025-10-01 19:40:08,383 | INFO |  * Detected change in 'd:\\Coding\\Python\\27ThAug_Training\\VS_Practice\\SFMS\\feedback.py', reloading
2025-10-01 19:40:08,732 | INFO |  * Restarting with stat
2025-10-01 19:40:09,403 | WARNING |  * Debugger is active!
2025-10-01 19:40:09,411 | INFO |  * Debugger PIN: 134-544-417
2025-10-01 19:40:10,489 | INFO |  * Detected change in 'd:\\Coding\\Python\\27ThAug_Training\\VS_Practice\\SFMS\\feedback.py', reloading
2025-10-01 19:40:10,849 | INFO |  * Restarting with stat
2025-10-01 19:40:11,488 | WARNING |  * Debugger is active!
2025-10-01 19:40:11,495 | INFO |  * Debugger PIN: 134-544-417
2025-10-01 19:40:19,731 | INFO |  * Detected change in 'd:\\Coding\\Python\\27ThAug_Training\\VS_Practice\\SFMS\\admin.py', reloading
2025-10-01 19:40:20,076 | INFO |  * Restarting with stat
2025-10-01 19:40:20,767 | WARNING |  * Debugger is active!
2025-10-01 19:40:20,779 | INFO |  * Debugger PIN: 134-544-417
2025-10-01 19:40:22,939 | INFO |  * Detected change in 'd:\\Coding\\Python\\27ThAug_Training\\VS_Practice\\SFMS\\admin.py', reloading
2025-10-01 19:40:23,288 | INFO |  * Restarting with stat
2025-10-01 19:40:24,165 | WARNING |  * Debugger is active!
2025-10-01 19:40:24,179 | INFO |  * Debugger PIN: 134-544-417
2025-10-01 19:40:25,307 | INFO |  * Detected change in 'd:\\Coding\\Python\\27ThAug_Training\\VS_Practice\\SFMS\\admin.py', reloading
2025-10-01 19:40:25,736 | INFO |  * Restarting with stat
2025-10-01 19:40:26,399 | WARNING |  * Debugger is active!
2025-10-01 19:40:26,408 | INFO |  * Debugger PIN: 134-544-417
2025-10-01 19:40:28,491 | INFO |  * Detected change in 'd:\\Coding\\Python\\27ThAug_Training\\VS_Practice\\SFMS\\admin.py', reloading
2025-10-01 19:40:28,873 | INFO |  * Restarting with stat
2025-10-01 19:40:29,721 | WARNING |  * Debugger is active!
2025-10-01 19:40:29,728 | INFO |  * Debugger PIN: 134-544-417
2025-10-01 19:40:31,855 | INFO |  * Detected change in 'd:\\Coding\\Python\\27ThAug_Training\\VS_Practice\\SFMS\\admin.py', reloading
2025-10-01 19:40:32,192 | INFO |  * Restarting with stat
2025-10-01 19:40:32,813 | WARNING |  * Debugger is active!
2025-10-01 19:40:32,819 | INFO |  * Debugger PIN: 134-544-417
2025-10-01 19:40:33,879 | INFO |  * Detected change in 'd:\\Coding\\Python\\27ThAug_Training\\VS_Practice\\SFMS\\admin.py', reloading
2025-10-01 19:40:34,207 | INFO |  * Restarting with stat
2025-10-01 19:40:34,928 | WARNING |  * Debugger is active!
2025-10-01 19:40:34,936 | INFO |  * Debugger PIN: 134-544-417
2025-10-01 19:40:49,347 | INFO |  * Detected change in 'd:\\Coding\\Python\\27ThAug_Training\\VS_Practice\\SFMS\\databaseConnection.py', reloading
2025-10-01 19:40:49,714 | INFO |  * Restarting with stat
2025-10-01 19:40:50,452 | WARNING |  * Debugger is active!
2025-10-01 19:40:50,459 | INFO |  * Debugger PIN: 134-544-417
2025-10-01 19:40:51,536 | INFO |  * Detected change in 'd:\\Coding\\Python\\27ThAug_Training\\VS_Practice\\SFMS\\databaseConnection.py', reloading
2025-10-01 19:40:52,221 | INFO |  * Restarting with stat
2025-10-01 19:40:53,102 | WARNING |  * Debugger is active!
2025-10-01 19:40:53,112 | INFO |  * Debugger PIN: 134-544-417
2025-10-01 19:40:56,231 | INFO |  * Detected change in 'd:\\Coding\\Python\\27ThAug_Training\\VS_Practice\\SFMS\\databaseConnection.py', reloading
2025-10-01 19:40:56,580 | INFO |  * Restarting with stat
2025-10-01 19:40:57,336 | WARNING |  * Debugger is active!
2025-10-01 19:40:57,344 | INFO |  * Debugger PIN: 134-544-417
2025-10-01 19:41:59,490 | INFO | [31m[1mWARNING: This is a development server. Do not use it in a production deployment. Use a production WSGI server instead.[0m
 * Running on http://127.0.0.1:5000
2025-10-01 19:41:59,490 | INFO | [33mPress CTRL+C to quit[0m
2025-10-01 19:41:59,493 | INFO |  * Restarting with stat
2025-10-01 19:42:00,149 | WARNING |  * Debugger is active!
2025-10-01 19:42:00,156 | INFO |  * Debugger PIN: 134-544-417
2025-10-01 19:42:05,424 | INFO | Registration started
2025-10-01 19:42:06,085 | INFO | Database connection established
2025-10-01 19:42:06,091 | INFO | Student 'Supriyobbc.com' is registered successfully !!
2025-10-01 19:42:06,091 | INFO | Closing database connection
2025-10-01 19:42:06,103 | INFO | 127.0.0.1 - - [01/Oct/2025 19:42:06] "[35m[1mPOST /register HTTP/1.1[0m" 500 -
2025-10-01 19:42:06,244 | INFO | 127.0.0.1 - - [01/Oct/2025 19:42:06] "[36mGET /register?__debugger__=yes&cmd=resource&f=debugger.js HTTP/1.1[0m" 304 -
2025-10-01 19:42:06,249 | INFO | 127.0.0.1 - - [01/Oct/2025 19:42:06] "[36mGET /register?__debugger__=yes&cmd=resource&f=style.css HTTP/1.1[0m" 304 -
2025-10-01 19:42:06,266 | INFO | 127.0.0.1 - - [01/Oct/2025 19:42:06] "GET /register?__debugger__=yes&cmd=resource&f=console.png&s=LF9UIMR8pttdFT3lMpwK HTTP/1.1" 200 -
2025-10-01 19:42:06,275 | INFO | 127.0.0.1 - - [01/Oct/2025 19:42:06] "[36mGET /register?__debugger__=yes&cmd=resource&f=console.png HTTP/1.1[0m" 304 -
2025-10-01 19:42:10,320 | INFO | 127.0.0.1 - - [01/Oct/2025 19:42:10] "GET / HTTP/1.1" 200 -
2025-10-01 19:42:17,029 | INFO | 127.0.0.1 - - [01/Oct/2025 19:42:17] "GET /register HTTP/1.1" 200 -
2025-10-01 19:42:36,635 | INFO | Registration started
2025-10-01 19:42:36,650 | INFO | Database connection established
2025-10-01 19:42:36,657 | INFO | Student 'Supriyo' is registered successfully !!
2025-10-01 19:42:36,658 | INFO | Closing database connection
2025-10-01 19:42:36,670 | INFO | 127.0.0.1 - - [01/Oct/2025 19:42:36] "[35m[1mPOST /register HTTP/1.1[0m" 500 -
2025-10-01 19:42:36,697 | INFO | 127.0.0.1 - - [01/Oct/2025 19:42:36] "[36mGET /register?__debugger__=yes&cmd=resource&f=style.css HTTP/1.1[0m" 304 -
2025-10-01 19:42:36,707 | INFO | 127.0.0.1 - - [01/Oct/2025 19:42:36] "[36mGET /register?__debugger__=yes&cmd=resource&f=debugger.js HTTP/1.1[0m" 304 -
2025-10-01 19:42:36,722 | INFO | 127.0.0.1 - - [01/Oct/2025 19:42:36] "[36mGET /register?__debugger__=yes&cmd=resource&f=console.png&s=LF9UIMR8pttdFT3lMpwK HTTP/1.1[0m" 304 -
2025-10-01 19:42:36,734 | INFO | 127.0.0.1 - - [01/Oct/2025 19:42:36] "[36mGET /register?__debugger__=yes&cmd=resource&f=console.png HTTP/1.1[0m" 304 -
2025-10-01 19:43:36,562 | INFO |  * Detected change in 'd:\\Coding\\Python\\27ThAug_Training\\VS_Practice\\SFMS\\app.py', reloading
2025-10-01 19:43:36,755 | INFO |  * Restarting with stat
2025-10-01 19:43:37,392 | WARNING |  * Debugger is active!
2025-10-01 19:43:37,402 | INFO |  * Debugger PIN: 134-544-417
2025-10-01 19:43:39,488 | INFO |  * Detected change in 'd:\\Coding\\Python\\27ThAug_Training\\VS_Practice\\SFMS\\app.py', reloading
2025-10-01 19:43:39,832 | INFO |  * Restarting with stat
2025-10-01 19:43:40,424 | WARNING |  * Debugger is active!
2025-10-01 19:43:40,431 | INFO |  * Debugger PIN: 134-544-417
2025-10-01 19:43:49,427 | INFO | [31m[1mWARNING: This is a development server. Do not use it in a production deployment. Use a production WSGI server instead.[0m
 * Running on http://127.0.0.1:5000
2025-10-01 19:43:49,427 | INFO | [33mPress CTRL+C to quit[0m
2025-10-01 19:43:49,429 | INFO |  * Restarting with stat
2025-10-01 19:43:50,089 | WARNING |  * Debugger is active!
2025-10-01 19:43:50,095 | INFO |  * Debugger PIN: 134-544-417
2025-10-01 19:43:59,115 | INFO | 127.0.0.1 - - [01/Oct/2025 19:43:59] "GET / HTTP/1.1" 200 -
2025-10-01 19:44:05,665 | INFO | 127.0.0.1 - - [01/Oct/2025 19:44:05] "GET /register HTTP/1.1" 200 -
2025-10-01 19:44:20,395 | INFO | Registration started
2025-10-01 19:44:21,003 | INFO | Database connection established
2025-10-01 19:44:21,008 | INFO | Student 'supriyo' is registered successfully !!
2025-10-01 19:44:21,008 | INFO | Closing database connection
2025-10-01 19:44:21,009 | INFO | Registration is successful for email=abc@gmail.com
2025-10-01 19:44:21,009 | INFO | 127.0.0.1 - - [01/Oct/2025 19:44:21] "[32mPOST /register HTTP/1.1[0m" 302 -
2025-10-01 19:44:21,051 | INFO | 127.0.0.1 - - [01/Oct/2025 19:44:21] "GET /login HTTP/1.1" 200 -
2025-10-01 19:45:25,799 | INFO | Registration started
2025-10-01 19:45:25,808 | INFO | Database connection established
2025-10-01 19:45:25,808 | WARNING | Duplicate registration attempt
2025-10-01 19:45:25,809 | ERROR | Exception occured Email already registered exception type : <class 'student.DuplicateRegistrationError'>
2025-10-01 19:45:25,809 | INFO | Closing database connection
2025-10-01 19:45:25,809 | WARNING | Duplicate registration attempt for email=abc@gmail.com
2025-10-01 19:45:25,810 | INFO | 127.0.0.1 - - [01/Oct/2025 19:45:25] "POST /register HTTP/1.1" 200 -
2025-10-01 19:45:37,451 | INFO | Registration started
2025-10-01 19:45:37,462 | INFO | Database connection established
2025-10-01 19:45:37,464 | WARNING | Duplicate registration attempt
2025-10-01 19:45:37,465 | ERROR | Exception occured Email already registered exception type : <class 'student.DuplicateRegistrationError'>
2025-10-01 19:45:37,465 | INFO | Closing database connection
2025-10-01 19:45:37,465 | WARNING | Duplicate registration attempt for email=abc@bbc.com
2025-10-01 19:45:37,466 | INFO | 127.0.0.1 - - [01/Oct/2025 19:45:37] "POST /register HTTP/1.1" 200 -
2025-10-01 19:45:41,541 | INFO | 127.0.0.1 - - [01/Oct/2025 19:45:41] "GET /login HTTP/1.1" 200 -
2025-10-01 19:45:44,413 | INFO | 127.0.0.1 - - [01/Oct/2025 19:45:44] "GET /register HTTP/1.1" 200 -
2025-10-01 19:46:38,955 | INFO | Registration started
2025-10-01 19:46:38,966 | INFO | Database connection established
2025-10-01 19:46:38,971 | INFO | Student 'name1' is registered successfully !!
2025-10-01 19:46:38,971 | INFO | Closing database connection
2025-10-01 19:46:38,971 | INFO | Registration is successful for email=name1@gmail.com
2025-10-01 19:46:38,972 | INFO | 127.0.0.1 - - [01/Oct/2025 19:46:38] "[32mPOST /register HTTP/1.1[0m" 302 -
2025-10-01 19:46:38,981 | INFO | 127.0.0.1 - - [01/Oct/2025 19:46:38] "GET /login HTTP/1.1" 200 -
2025-10-01 19:47:41,589 | INFO | Database connection established
2025-10-01 19:47:41,590 | INFO | Successfully logged in
2025-10-01 19:47:41,591 | INFO | Closing database connection
2025-10-01 19:47:41,592 | INFO | Login successful for email=name1@gmail.com
2025-10-01 19:47:41,594 | INFO | 127.0.0.1 - - [01/Oct/2025 19:47:41] "[32mPOST /login HTTP/1.1[0m" 302 -
2025-10-01 19:47:41,600 | INFO | Get student ID by email
2025-10-01 19:47:41,609 | INFO | Database connection established
2025-10-01 19:47:41,614 | INFO | Closing database connection
2025-10-01 19:47:41,615 | INFO | Fetching all courses
2025-10-01 19:47:41,624 | INFO | Database connection established
2025-10-01 19:47:41,627 | INFO | Closing database connection
2025-10-01 19:47:41,665 | INFO | 127.0.0.1 - - [01/Oct/2025 19:47:41] "GET /submit_feedback?email=name1@gmail.com HTTP/1.1" 200 -
2025-10-01 19:47:58,048 | INFO | Get student ID by email
2025-10-01 19:47:58,060 | INFO | Database connection established
2025-10-01 19:47:58,062 | INFO | Closing database connection
2025-10-01 19:47:58,062 | INFO | Fetching all courses
2025-10-01 19:47:58,073 | INFO | Database connection established
2025-10-01 19:47:58,075 | INFO | Closing database connection
2025-10-01 19:47:58,086 | INFO | Database connection established
2025-10-01 19:47:58,087 | INFO | Closing database connection
2025-10-01 19:47:58,095 | INFO | Database connection established
2025-10-01 19:47:58,099 | INFO | Feedback from student '4' is saved succesfully !!
2025-10-01 19:47:58,100 | INFO | Closing database connection
2025-10-01 19:47:58,101 | INFO | Feedback submitted: student=4, course=1
2025-10-01 19:47:58,102 | INFO | 127.0.0.1 - - [01/Oct/2025 19:47:58] "[32mPOST /submit_feedback?email=name1@gmail.com HTTP/1.1[0m" 302 -
2025-10-01 19:47:58,107 | INFO | 127.0.0.1 - - [01/Oct/2025 19:47:58] "GET /login HTTP/1.1" 200 -
2025-10-01 19:50:26,380 | INFO | Admin accessed view_feedback route.
2025-10-01 19:50:26,380 | WARNING | Unauthorized access attempt to view feedback.
2025-10-01 19:50:26,381 | INFO | 127.0.0.1 - - [01/Oct/2025 19:50:26] "[32mGET /admin/view_feedback HTTP/1.1[0m" 302 -
2025-10-01 19:50:26,415 | INFO | 127.0.0.1 - - [01/Oct/2025 19:50:26] "GET /admin/login HTTP/1.1" 200 -
2025-10-01 19:50:44,278 | INFO | Admin accessed view_feedback route.
2025-10-01 19:50:44,278 | WARNING | Unauthorized access attempt to view feedback.
2025-10-01 19:50:44,279 | INFO | 127.0.0.1 - - [01/Oct/2025 19:50:44] "[32mGET /admin/view_feedback HTTP/1.1[0m" 302 -
2025-10-01 19:50:44,286 | INFO | 127.0.0.1 - - [01/Oct/2025 19:50:44] "GET /admin/login HTTP/1.1" 200 -
2025-10-01 19:55:19,746 | INFO | [31m[1mWARNING: This is a development server. Do not use it in a production deployment. Use a production WSGI server instead.[0m
 * Running on http://127.0.0.1:5000
2025-10-01 19:55:19,746 | INFO | [33mPress CTRL+C to quit[0m
2025-10-01 19:55:19,750 | INFO |  * Restarting with stat
2025-10-01 19:55:20,386 | WARNING |  * Debugger is active!
2025-10-01 19:55:20,393 | INFO |  * Debugger PIN: 134-544-417
2025-10-01 19:55:20,426 | INFO | Admin accessed view_feedback route.
2025-10-01 19:55:20,426 | WARNING | Unauthorized access attempt to view feedback.
2025-10-01 19:55:20,427 | INFO | 127.0.0.1 - - [01/Oct/2025 19:55:20] "[32mGET /admin/view_feedback HTTP/1.1[0m" 302 -
2025-10-01 19:55:20,436 | INFO | 127.0.0.1 - - [01/Oct/2025 19:55:20] "GET /admin/login HTTP/1.1" 200 -
2025-10-01 19:55:25,316 | INFO | 127.0.0.1 - - [01/Oct/2025 19:55:25] "GET /admin/login HTTP/1.1" 200 -
2025-10-01 19:55:33,616 | INFO | Admin accessed view_feedback route.
2025-10-01 19:55:33,616 | WARNING | Unauthorized access attempt to view feedback.
2025-10-01 19:55:33,617 | INFO | 127.0.0.1 - - [01/Oct/2025 19:55:33] "[32mGET /admin/view_feedback HTTP/1.1[0m" 302 -
2025-10-01 19:55:33,624 | INFO | 127.0.0.1 - - [01/Oct/2025 19:55:33] "GET /admin/login HTTP/1.1" 200 -
2025-10-01 19:56:38,281 | INFO | 127.0.0.1 - - [01/Oct/2025 19:56:38] "GET /admin/register HTTP/1.1" 200 -
2025-10-01 19:56:55,574 | INFO | Database connection established
2025-10-01 19:56:55,577 | INFO | Admin 'admin1' is registered successfully.
2025-10-01 19:56:55,578 | INFO | Closing database connection
2025-10-01 19:56:55,578 | INFO | Admin Registration successful for name =admin1
2025-10-01 19:56:55,579 | INFO | 127.0.0.1 - - [01/Oct/2025 19:56:55] "[32mPOST /admin/register HTTP/1.1[0m" 302 -
2025-10-01 19:56:55,585 | INFO | 127.0.0.1 - - [01/Oct/2025 19:56:55] "GET /admin/login HTTP/1.1" 200 -
2025-10-01 19:57:05,474 | INFO | Admin Login starts
2025-10-01 19:57:05,484 | INFO | Database connection established
2025-10-01 19:57:05,486 | INFO | Successfully logged in as admin
2025-10-01 19:57:05,486 | INFO | Closing database connection
2025-10-01 19:57:05,486 | INFO | Admin logged in: admin1
2025-10-01 19:57:05,487 | INFO | 127.0.0.1 - - [01/Oct/2025 19:57:05] "[32mPOST /admin/login HTTP/1.1[0m" 302 -
2025-10-01 19:57:05,494 | INFO | Admin accessed view_feedback route.
2025-10-01 19:57:05,509 | INFO | Database connection established
2025-10-01 19:57:05,511 | INFO | Closing database connection
2025-10-01 19:57:05,512 | INFO | Fetched 1 feedback entries.
2025-10-01 19:57:05,539 | INFO | 127.0.0.1 - - [01/Oct/2025 19:57:05] "GET /admin/view_feedback HTTP/1.1" 200 -
2025-10-01 19:57:08,426 | INFO | Admin accessed download_log route.
2025-10-01 19:57:08,426 | INFO | Log file path: d:\Coding\Python\27ThAug_Training\VS_Practice\SFMS\app.log
2025-10-01 19:57:08,427 | INFO | Log file downloading by admin.
2025-10-01 19:57:08,572 | INFO | 127.0.0.1 - - [01/Oct/2025 19:57:08] "GET /admin/download_log HTTP/1.1" 200 -
2025-10-01 19:58:48,180 | INFO | Admin Login starts
2025-10-01 19:58:48,191 | INFO | Database connection established
2025-10-01 19:58:48,192 | INFO | Successfully logged in as admin
2025-10-01 19:58:48,192 | INFO | Closing database connection
2025-10-01 19:58:48,193 | INFO | Admin logged in: admin1
2025-10-01 19:58:48,193 | INFO | 127.0.0.1 - - [01/Oct/2025 19:58:48] "[32mPOST /admin/login HTTP/1.1[0m" 302 -
2025-10-01 19:58:48,198 | INFO | Admin accessed view_feedback route.
2025-10-01 19:58:48,207 | INFO | Database connection established
2025-10-01 19:58:48,208 | INFO | Closing database connection
2025-10-01 19:58:48,209 | INFO | Fetched 1 feedback entries.
2025-10-01 19:58:48,210 | INFO | 127.0.0.1 - - [01/Oct/2025 19:58:48] "GET /admin/view_feedback HTTP/1.1" 200 -
2025-10-01 19:58:55,192 | INFO | 127.0.0.1 - - [01/Oct/2025 19:58:55] "[33mGET /admin/feedback HTTP/1.1[0m" 404 -
2025-10-01 19:59:13,963 | WARNING | Unauthorized access attempt to submit feedback.
2025-10-01 19:59:13,964 | INFO | 127.0.0.1 - - [01/Oct/2025 19:59:13] "[32mGET /submit_feedback HTTP/1.1[0m" 302 -
2025-10-01 19:59:13,971 | INFO | 127.0.0.1 - - [01/Oct/2025 19:59:13] "GET /login HTTP/1.1" 200 -
2025-10-01 19:59:37,764 | INFO | 127.0.0.1 - - [01/Oct/2025 19:59:37] "GET /admin/login HTTP/1.1" 200 -
2025-10-01 19:59:46,867 | INFO | Admin Login starts
2025-10-01 19:59:46,882 | INFO | Database connection established
2025-10-01 19:59:46,883 | INFO | Successfully logged in as admin
2025-10-01 19:59:46,884 | INFO | Closing database connection
2025-10-01 19:59:46,885 | INFO | Admin logged in: admin1
2025-10-01 19:59:46,886 | INFO | 127.0.0.1 - - [01/Oct/2025 19:59:46] "[32mPOST /admin/login HTTP/1.1[0m" 302 -
2025-10-01 19:59:46,892 | INFO | Admin accessed view_feedback route.
2025-10-01 19:59:46,902 | INFO | Database connection established
2025-10-01 19:59:46,903 | INFO | Closing database connection
2025-10-01 19:59:46,904 | INFO | Fetched 1 feedback entries.
2025-10-01 19:59:46,906 | INFO | 127.0.0.1 - - [01/Oct/2025 19:59:46] "GET /admin/view_feedback HTTP/1.1" 200 -
2025-10-01 20:00:42,947 | INFO | Database connection established
2025-10-01 20:00:42,948 | INFO | Successfully logged in
2025-10-01 20:00:42,948 | INFO | Closing database connection
2025-10-01 20:00:42,949 | INFO | Login successful for email=name1@gmail.com
2025-10-01 20:00:42,950 | INFO | 127.0.0.1 - - [01/Oct/2025 20:00:42] "[32mPOST /login HTTP/1.1[0m" 302 -
2025-10-01 20:00:42,956 | INFO | Get student ID by email
2025-10-01 20:00:42,968 | INFO | Database connection established
2025-10-01 20:00:42,969 | INFO | Closing database connection
2025-10-01 20:00:42,970 | INFO | Fetching all courses
2025-10-01 20:00:42,983 | INFO | Database connection established
2025-10-01 20:00:42,985 | INFO | Closing database connection
2025-10-01 20:00:42,996 | INFO | 127.0.0.1 - - [01/Oct/2025 20:00:42] "GET /submit_feedback?email=name1@gmail.com HTTP/1.1" 200 -
2025-10-01 20:00:56,518 | INFO | Get student ID by email
2025-10-01 20:00:56,531 | INFO | Database connection established
2025-10-01 20:00:56,532 | INFO | Closing database connection
2025-10-01 20:00:56,532 | INFO | Fetching all courses
2025-10-01 20:00:56,543 | INFO | Database connection established
2025-10-01 20:00:56,543 | INFO | Closing database connection
2025-10-01 20:00:56,554 | INFO | Database connection established
2025-10-01 20:00:56,555 | INFO | Closing database connection
2025-10-01 20:00:56,555 | WARNING | Duplicate feedback attempt: student=4, course=1
2025-10-01 20:00:56,556 | INFO | 127.0.0.1 - - [01/Oct/2025 20:00:56] "POST /submit_feedback?email=name1@gmail.com HTTP/1.1" 200 -
2025-10-01 20:02:04,231 | INFO |  * Detected change in 'd:\\Coding\\Python\\27ThAug_Training\\VS_Practice\\SFMS\\app.py', reloading
2025-10-01 20:02:04,467 | INFO |  * Restarting with stat
2025-10-01 20:02:06,521 | WARNING |  * Debugger is active!
2025-10-01 20:02:06,531 | INFO |  * Debugger PIN: 134-544-417
2025-10-01 20:02:12,761 | INFO |  * Detected change in 'd:\\Coding\\Python\\27ThAug_Training\\VS_Practice\\SFMS\\app.py', reloading
2025-10-01 20:02:13,506 | INFO |  * Restarting with stat
2025-10-01 20:02:17,320 | WARNING |  * Debugger is active!
2025-10-01 20:02:17,342 | INFO |  * Debugger PIN: 134-544-417
2025-10-01 20:02:18,433 | INFO |  * Detected change in 'd:\\Coding\\Python\\27ThAug_Training\\VS_Practice\\SFMS\\app.py', reloading
2025-10-01 20:02:19,030 | INFO |  * Restarting with stat
2025-10-01 20:02:20,074 | WARNING |  * Debugger is active!
2025-10-01 20:02:20,082 | INFO |  * Debugger PIN: 134-544-417
2025-10-01 20:02:31,387 | INFO |  * Detected change in 'd:\\Coding\\Python\\27ThAug_Training\\VS_Practice\\SFMS\\app.py', reloading
2025-10-01 20:02:31,822 | INFO |  * Restarting with stat
2025-10-01 20:02:32,466 | WARNING |  * Debugger is active!
2025-10-01 20:02:32,473 | INFO |  * Debugger PIN: 134-544-417
2025-10-01 20:02:37,612 | INFO |  * Detected change in 'd:\\Coding\\Python\\27ThAug_Training\\VS_Practice\\SFMS\\app.py', reloading
2025-10-01 20:02:38,029 | INFO |  * Restarting with stat
2025-10-01 20:02:38,803 | WARNING |  * Debugger is active!
2025-10-01 20:02:38,818 | INFO |  * Debugger PIN: 134-544-417
2025-10-01 20:02:39,917 | INFO |  * Detected change in 'd:\\Coding\\Python\\27ThAug_Training\\VS_Practice\\SFMS\\app.py', reloading
2025-10-01 20:02:40,300 | INFO |  * Restarting with stat
2025-10-01 20:02:40,900 | WARNING |  * Debugger is active!
2025-10-01 20:02:40,908 | INFO |  * Debugger PIN: 134-544-417
2025-10-01 20:02:43,018 | INFO |  * Detected change in 'd:\\Coding\\Python\\27ThAug_Training\\VS_Practice\\SFMS\\app.py', reloading
2025-10-01 20:02:43,371 | INFO |  * Restarting with stat
2025-10-01 20:02:43,943 | WARNING |  * Debugger is active!
2025-10-01 20:02:43,949 | INFO |  * Debugger PIN: 134-544-417
2025-10-01 20:02:53,190 | INFO |  * Detected change in 'd:\\Coding\\Python\\27ThAug_Training\\VS_Practice\\SFMS\\app.py', reloading
2025-10-01 20:02:53,642 | INFO |  * Restarting with stat
2025-10-01 20:02:54,247 | WARNING |  * Debugger is active!
2025-10-01 20:02:54,255 | INFO |  * Debugger PIN: 134-544-417
2025-10-01 20:02:56,381 | INFO |  * Detected change in 'd:\\Coding\\Python\\27ThAug_Training\\VS_Practice\\SFMS\\app.py', reloading
2025-10-01 20:02:56,782 | INFO |  * Restarting with stat
2025-10-01 20:02:57,497 | WARNING |  * Debugger is active!
2025-10-01 20:02:57,505 | INFO |  * Debugger PIN: 134-544-417
2025-10-01 20:03:03,688 | INFO |  * Detected change in 'd:\\Coding\\Python\\27ThAug_Training\\VS_Practice\\SFMS\\app.py', reloading
2025-10-01 20:03:04,056 | INFO |  * Restarting with stat
2025-10-01 20:03:04,697 | WARNING |  * Debugger is active!
2025-10-01 20:03:04,703 | INFO |  * Debugger PIN: 134-544-417
2025-10-01 20:03:07,839 | INFO |  * Detected change in 'd:\\Coding\\Python\\27ThAug_Training\\VS_Practice\\SFMS\\app.py', reloading
2025-10-01 20:03:08,185 | INFO |  * Restarting with stat
2025-10-01 20:03:08,794 | WARNING |  * Debugger is active!
2025-10-01 20:03:08,801 | INFO |  * Debugger PIN: 134-544-417
2025-10-01 20:03:09,871 | INFO |  * Detected change in 'd:\\Coding\\Python\\27ThAug_Training\\VS_Practice\\SFMS\\app.py', reloading
2025-10-01 20:03:10,261 | INFO |  * Restarting with stat
2025-10-01 20:03:10,969 | WARNING |  * Debugger is active!
2025-10-01 20:03:10,976 | INFO |  * Debugger PIN: 134-544-417
2025-10-01 20:04:39,810 | INFO | [31m[1mWARNING: This is a development server. Do not use it in a production deployment. Use a production WSGI server instead.[0m
 * Running on http://127.0.0.1:5000
2025-10-01 20:04:39,810 | INFO | [33mPress CTRL+C to quit[0m
2025-10-01 20:04:39,812 | INFO |  * Restarting with stat
2025-10-01 20:04:40,447 | WARNING |  * Debugger is active!
2025-10-01 20:04:40,454 | INFO |  * Debugger PIN: 134-544-417
2025-10-01 20:04:52,280 | INFO | 127.0.0.1 - - [01/Oct/2025 20:04:52] "GET /login HTTP/1.1" 200 -
2025-10-01 20:04:59,269 | INFO | Database connection established
2025-10-01 20:04:59,270 | INFO | Successfully logged in
2025-10-01 20:04:59,270 | INFO | Closing database connection
2025-10-01 20:04:59,271 | INFO | Login successful for email=name1@gmail.com
2025-10-01 20:04:59,271 | INFO | 127.0.0.1 - - [01/Oct/2025 20:04:59] "[32mPOST /login HTTP/1.1[0m" 302 -
2025-10-01 20:04:59,276 | INFO | Get student ID by email
2025-10-01 20:04:59,282 | INFO | Database connection established
2025-10-01 20:04:59,283 | INFO | Closing database connection
2025-10-01 20:04:59,284 | INFO | Fetching all courses
2025-10-01 20:04:59,290 | INFO | Database connection established
2025-10-01 20:04:59,291 | INFO | Closing database connection
2025-10-01 20:04:59,299 | INFO | 127.0.0.1 - - [01/Oct/2025 20:04:59] "GET /submit_feedback?email=name1@gmail.com HTTP/1.1" 200 -
2025-10-01 20:05:08,367 | INFO | Get student ID by email
2025-10-01 20:05:08,381 | INFO | Database connection established
2025-10-01 20:05:08,383 | INFO | Closing database connection
2025-10-01 20:05:08,384 | INFO | Fetching all courses
2025-10-01 20:05:08,393 | INFO | Database connection established
2025-10-01 20:05:08,395 | INFO | Closing database connection
2025-10-01 20:05:08,406 | INFO | Database connection established
2025-10-01 20:05:08,407 | INFO | Closing database connection
2025-10-01 20:05:08,407 | WARNING | Duplicate feedback attempt: student=4, course=1
2025-10-01 20:05:08,408 | INFO | 127.0.0.1 - - [01/Oct/2025 20:05:08] "POST /submit_feedback?email=name1@gmail.com HTTP/1.1" 200 -
2025-10-01 20:05:18,297 | INFO | Get student ID by email
2025-10-01 20:05:18,305 | INFO | Database connection established
2025-10-01 20:05:18,306 | INFO | Closing database connection
2025-10-01 20:05:18,306 | INFO | Fetching all courses
2025-10-01 20:05:18,316 | INFO | Database connection established
2025-10-01 20:05:18,317 | INFO | Closing database connection
2025-10-01 20:05:18,326 | INFO | Database connection established
2025-10-01 20:05:18,329 | INFO | Closing database connection
2025-10-01 20:05:18,340 | INFO | Database connection established
2025-10-01 20:05:18,356 | INFO | Feedback from student '4' is saved succesfully !!
2025-10-01 20:05:18,357 | INFO | Closing database connection
2025-10-01 20:05:18,357 | INFO | Feedback submitted: student=4, course=2
2025-10-01 20:05:18,358 | INFO | 127.0.0.1 - - [01/Oct/2025 20:05:18] "[32mPOST /submit_feedback?email=name1@gmail.com HTTP/1.1[0m" 302 -
2025-10-01 20:05:18,365 | INFO | 127.0.0.1 - - [01/Oct/2025 20:05:18] "GET /login HTTP/1.1" 200 -
2025-10-01 20:05:26,023 | INFO | 127.0.0.1 - - [01/Oct/2025 20:05:26] "GET /admin/login HTTP/1.1" 200 -
2025-10-01 20:05:32,373 | INFO | Admin Login starts
2025-10-01 20:05:32,391 | INFO | Database connection established
2025-10-01 20:05:32,394 | INFO | Successfully logged in as admin
2025-10-01 20:05:32,395 | INFO | Closing database connection
2025-10-01 20:05:32,395 | INFO | Admin logged in: admin1
2025-10-01 20:05:32,396 | INFO | 127.0.0.1 - - [01/Oct/2025 20:05:32] "[32mPOST /admin/login HTTP/1.1[0m" 302 -
2025-10-01 20:05:32,401 | INFO | Admin accessed view_feedback route.
2025-10-01 20:05:32,413 | INFO | Database connection established
2025-10-01 20:05:32,414 | INFO | Closing database connection
2025-10-01 20:05:32,414 | INFO | Fetched 2 feedback entries.
2025-10-01 20:05:32,418 | INFO | 127.0.0.1 - - [01/Oct/2025 20:05:32] "GET /admin/view_feedback HTTP/1.1" 200 -
